<?xml version="1.0" encoding="UTF-8"?>
<robot generator="Robot 6.1.1 (Python 3.12.0 on win32)" generated="20231221 15:10:57.573" rpa="false" schemaversion="4">
<suite id="s1" name="Amazon Testes Gherkin Bdd" source="C:\Automação\CursoUdemy\RobotFramework\WebTesting\amazon_testes_gherkin_bdd.robot">
<test id="s1-t1" name="Caso de Teste 01 - Acesso ao menu &quot;Eletrônicos&quot;" line="8">
<kw name="Abrir o navegador" library="amazon_resources" type="SETUP">
<kw name="Open Browser" library="SeleniumLibrary">
<arg>browser=${BROWSER}</arg>
<arg>options=add_experimental_option("detach", True)</arg>
<doc>Opens a new browser instance to the optional ``url``.</doc>
<msg timestamp="20231221 15:10:57.689" level="INFO">Opening browser 'chrome' to base url 'None'.</msg>
<status status="PASS" starttime="20231221 15:10:57.689" endtime="20231221 15:10:59.164"/>
</kw>
<kw name="Maximize Browser Window" library="SeleniumLibrary">
<doc>Maximizes current browser window.</doc>
<status status="PASS" starttime="20231221 15:10:59.165" endtime="20231221 15:10:59.292"/>
</kw>
<status status="PASS" starttime="20231221 15:10:57.689" endtime="20231221 15:10:59.292"/>
</kw>
<kw name="Dado que estou na home page da Amazon.com.br" library="amazon_resources">
<kw name="Acessar a home page do site Amazon.com.br" library="amazon_resources">
<kw name="Go To" library="SeleniumLibrary">
<arg>url=${URL}</arg>
<doc>Navigates the current browser window to the provided ``url``.</doc>
<msg timestamp="20231221 15:10:59.293" level="INFO">Opening url 'https://www.amazon.com.br/'</msg>
<status status="PASS" starttime="20231221 15:10:59.293" endtime="20231221 15:11:04.912"/>
</kw>
<kw name="Wait Until Element Is Visible" library="SeleniumLibrary">
<arg>locator=${MENU_LIVROS}</arg>
<doc>Waits until the element ``locator`` is visible.</doc>
<status status="PASS" starttime="20231221 15:11:04.912" endtime="20231221 15:11:04.932"/>
</kw>
<status status="PASS" starttime="20231221 15:10:59.293" endtime="20231221 15:11:04.932"/>
</kw>
<status status="PASS" starttime="20231221 15:10:59.293" endtime="20231221 15:11:04.932"/>
</kw>
<kw name="Quando acessar o menu &quot;Livros&quot;" library="amazon_resources">
<kw name="Entrar no menu &quot;Livros&quot;" library="amazon_resources">
<kw name="Click Element" library="SeleniumLibrary">
<arg>locator=${MENU_LIVROS}</arg>
<doc>Click the element identified by ``locator``.</doc>
<msg timestamp="20231221 15:11:04.933" level="INFO">Clicking element '//a[contains(.,'Livros')]'.</msg>
<status status="PASS" starttime="20231221 15:11:04.933" endtime="20231221 15:11:06.837"/>
</kw>
<status status="PASS" starttime="20231221 15:11:04.933" endtime="20231221 15:11:06.837"/>
</kw>
<status status="PASS" starttime="20231221 15:11:04.932" endtime="20231221 15:11:06.837"/>
</kw>
<kw name="Então o título da página deve ficar &quot;Livros | Amazon.com.br&quot;" library="amazon_resources">
<kw name="Verificar se o título da página fica &quot;Livros | Amazon.com.br&quot;" library="amazon_resources" sourcename="Verificar se o título da página fica &quot;${TITULO}&quot;">
<kw name="Title Should Be" library="SeleniumLibrary">
<arg>title=${TITULO}</arg>
<doc>Verifies that the current page title equals ``title``.</doc>
<msg timestamp="20231221 15:11:06.855" level="INFO">Page title is 'Livros | Amazon.com.br'.</msg>
<status status="PASS" starttime="20231221 15:11:06.838" endtime="20231221 15:11:06.855"/>
</kw>
<status status="PASS" starttime="20231221 15:11:06.838" endtime="20231221 15:11:06.855"/>
</kw>
<status status="PASS" starttime="20231221 15:11:06.838" endtime="20231221 15:11:06.855"/>
</kw>
<kw name="E o texto &quot;Loja de Livros&quot; deve ser exibido na página" library="amazon_resources">
<kw name="Verificar se aparece a frase &quot;Loja de Livros&quot;" library="amazon_resources" sourcename="Verificar se aparece a frase &quot;${FRASE}&quot;">
<kw name="Wait Until Page Contains" library="SeleniumLibrary">
<arg>text=${FRASE}</arg>
<doc>Waits until ``text`` appears on the current page.</doc>
<status status="PASS" starttime="20231221 15:11:06.856" endtime="20231221 15:11:06.877"/>
</kw>
<kw name="Wait Until Element Is Visible" library="SeleniumLibrary">
<arg>locator=${HEADER_LIVROS}</arg>
<doc>Waits until the element ``locator`` is visible.</doc>
<status status="PASS" starttime="20231221 15:11:06.877" endtime="20231221 15:11:06.897"/>
</kw>
<status status="PASS" starttime="20231221 15:11:06.856" endtime="20231221 15:11:06.897"/>
</kw>
<status status="PASS" starttime="20231221 15:11:06.855" endtime="20231221 15:11:06.897"/>
</kw>
<kw name="E a categoria &quot;Lançamentos&quot; deve ser exibida na página" library="amazon_resources">
<kw name="Verificar se aparece a categoria &quot;Lançamentos&quot;" library="amazon_resources" sourcename="Verificar se aparece a categoria &quot;${NOME_CATEGORIA}&quot;">
<kw name="Element Should Be Visible" library="SeleniumLibrary">
<arg>locator=//img[contains(@alt,'${NOME_CATEGORIA}')]</arg>
<doc>Verifies that the element identified by ``locator`` is visible.</doc>
<msg timestamp="20231221 15:11:06.913" level="INFO">Element '//img[contains(@alt,'Lançamentos')]' is displayed.</msg>
<status status="PASS" starttime="20231221 15:11:06.897" endtime="20231221 15:11:06.913"/>
</kw>
<status status="PASS" starttime="20231221 15:11:06.897" endtime="20231221 15:11:06.913"/>
</kw>
<status status="PASS" starttime="20231221 15:11:06.897" endtime="20231221 15:11:06.913"/>
</kw>
<kw name="Fechar o navegador" library="amazon_resources" type="TEARDOWN">
<kw name="Capture Page Screenshot" library="SeleniumLibrary">
<doc>Takes a screenshot of the current page and embeds it into a log file.</doc>
<msg timestamp="20231221 15:11:07.112" level="INFO" html="true">&lt;/td&gt;&lt;/tr&gt;&lt;tr&gt;&lt;td colspan="3"&gt;&lt;a href="selenium-screenshot-6.png"&gt;&lt;img src="selenium-screenshot-6.png" width="800px"&gt;&lt;/a&gt;</msg>
<status status="PASS" starttime="20231221 15:11:06.913" endtime="20231221 15:11:07.113"/>
</kw>
<kw name="Close Browser" library="SeleniumLibrary">
<doc>Closes the current browser.</doc>
<status status="PASS" starttime="20231221 15:11:07.113" endtime="20231221 15:11:09.223"/>
</kw>
<status status="PASS" starttime="20231221 15:11:06.913" endtime="20231221 15:11:09.223"/>
</kw>
<doc>Este teste verifica o menu Livros do site da Amazon
e a categoria Livros em Oferta</doc>
<tag>categorias</tag>
<tag>menus</tag>
<status status="PASS" starttime="20231221 15:10:57.688" endtime="20231221 15:11:09.224"/>
</test>
<test id="s1-t2" name="Caso de Teste 02 - Pesquisa de um produto" line="19">
<kw name="Abrir o navegador" library="amazon_resources" type="SETUP">
<kw name="Open Browser" library="SeleniumLibrary">
<arg>browser=${BROWSER}</arg>
<arg>options=add_experimental_option("detach", True)</arg>
<doc>Opens a new browser instance to the optional ``url``.</doc>
<msg timestamp="20231221 15:11:09.230" level="INFO">Opening browser 'chrome' to base url 'None'.</msg>
<status status="PASS" starttime="20231221 15:11:09.230" endtime="20231221 15:11:10.632"/>
</kw>
<kw name="Maximize Browser Window" library="SeleniumLibrary">
<doc>Maximizes current browser window.</doc>
<status status="PASS" starttime="20231221 15:11:10.632" endtime="20231221 15:11:10.748"/>
</kw>
<status status="PASS" starttime="20231221 15:11:09.230" endtime="20231221 15:11:10.748"/>
</kw>
<kw name="Dado que estou na home page da Amazon.com.br" library="amazon_resources">
<kw name="Acessar a home page do site Amazon.com.br" library="amazon_resources">
<kw name="Go To" library="SeleniumLibrary">
<arg>url=${URL}</arg>
<doc>Navigates the current browser window to the provided ``url``.</doc>
<msg timestamp="20231221 15:11:10.749" level="INFO">Opening url 'https://www.amazon.com.br/'</msg>
<status status="PASS" starttime="20231221 15:11:10.749" endtime="20231221 15:11:13.024"/>
</kw>
<kw name="Wait Until Element Is Visible" library="SeleniumLibrary">
<arg>locator=${MENU_LIVROS}</arg>
<doc>Waits until the element ``locator`` is visible.</doc>
<status status="PASS" starttime="20231221 15:11:13.024" endtime="20231221 15:11:13.046"/>
</kw>
<status status="PASS" starttime="20231221 15:11:10.749" endtime="20231221 15:11:13.047"/>
</kw>
<status status="PASS" starttime="20231221 15:11:10.749" endtime="20231221 15:11:13.047"/>
</kw>
<kw name="Quando pesquisar pelo produto &quot;Xbox Series S&quot;" library="amazon_resources">
<kw name="Digitar o nome do produto &quot;Xbox Series S&quot; no campo de Pesquisa" library="amazon_resources" sourcename="Digitar o nome do produto &quot;${PRODUTO}&quot; no campo de Pesquisa">
<kw name="Input Text" library="SeleniumLibrary">
<arg>locator=twotabsearchtextbox</arg>
<arg>text=${PRODUTO}</arg>
<doc>Types the given ``text`` into the text field identified by ``locator``.</doc>
<msg timestamp="20231221 15:11:13.047" level="INFO">Typing text 'Xbox Series S' into text field 'twotabsearchtextbox'.</msg>
<status status="PASS" starttime="20231221 15:11:13.047" endtime="20231221 15:11:13.203"/>
</kw>
<status status="PASS" starttime="20231221 15:11:13.047" endtime="20231221 15:11:13.203"/>
</kw>
<kw name="Clicar no botão de Pesquisa" library="amazon_resources">
<kw name="Click Button" library="SeleniumLibrary">
<arg>locator=nav-search-submit-button</arg>
<doc>Clicks the button identified by ``locator``.</doc>
<msg timestamp="20231221 15:11:13.203" level="INFO">Clicking button 'nav-search-submit-button'.</msg>
<status status="PASS" starttime="20231221 15:11:13.203" endtime="20231221 15:11:14.493"/>
</kw>
<status status="PASS" starttime="20231221 15:11:13.203" endtime="20231221 15:11:14.493"/>
</kw>
<status status="PASS" starttime="20231221 15:11:13.047" endtime="20231221 15:11:14.493"/>
</kw>
<kw name="Então o título da página deve ficar &quot;Amazon.com.br : Xbox Series S&quot;" library="amazon_resources">
<kw name="Verificar se o título da página fica &quot;Amazon.com.br : Xbox Series S&quot;" library="amazon_resources" sourcename="Verificar se o título da página fica &quot;${TITULO}&quot;">
<kw name="Title Should Be" library="SeleniumLibrary">
<arg>title=${TITULO}</arg>
<doc>Verifies that the current page title equals ``title``.</doc>
<msg timestamp="20231221 15:11:14.498" level="INFO">Page title is 'Amazon.com.br : Xbox Series S'.</msg>
<status status="PASS" starttime="20231221 15:11:14.494" endtime="20231221 15:11:14.498"/>
</kw>
<status status="PASS" starttime="20231221 15:11:14.494" endtime="20231221 15:11:14.498"/>
</kw>
<status status="PASS" starttime="20231221 15:11:14.494" endtime="20231221 15:11:14.498"/>
</kw>
<kw name="E um produto da linha &quot;Xbox Series S&quot; deve ser mostrado na página" library="amazon_resources">
<kw name="Verificar o resultado da pesquisa, listando o produto &quot;Xbox Series S&quot;" library="amazon_resources" sourcename="Verificar o resultado da pesquisa, listando o produto &quot;${PRODUTO}&quot;">
<kw name="Wait Until Element Is Visible" library="SeleniumLibrary">
<arg>locator=//span[contains(.,'${PRODUTO}')]</arg>
<doc>Waits until the element ``locator`` is visible.</doc>
<status status="PASS" starttime="20231221 15:11:14.498" endtime="20231221 15:11:14.519"/>
</kw>
<status status="PASS" starttime="20231221 15:11:14.498" endtime="20231221 15:11:14.519"/>
</kw>
<status status="PASS" starttime="20231221 15:11:14.498" endtime="20231221 15:11:14.519"/>
</kw>
<kw name="Fechar o navegador" library="amazon_resources" type="TEARDOWN">
<kw name="Capture Page Screenshot" library="SeleniumLibrary">
<doc>Takes a screenshot of the current page and embeds it into a log file.</doc>
<msg timestamp="20231221 15:11:14.741" level="INFO" html="true">&lt;/td&gt;&lt;/tr&gt;&lt;tr&gt;&lt;td colspan="3"&gt;&lt;a href="selenium-screenshot-7.png"&gt;&lt;img src="selenium-screenshot-7.png" width="800px"&gt;&lt;/a&gt;</msg>
<status status="PASS" starttime="20231221 15:11:14.519" endtime="20231221 15:11:14.741"/>
</kw>
<kw name="Close Browser" library="SeleniumLibrary">
<doc>Closes the current browser.</doc>
<status status="PASS" starttime="20231221 15:11:14.741" endtime="20231221 15:11:16.841"/>
</kw>
<status status="PASS" starttime="20231221 15:11:14.519" endtime="20231221 15:11:16.841"/>
</kw>
<doc>Este teste verifica a busca de um produto</doc>
<tag>busca_produtos</tag>
<tag>lista_busca</tag>
<status status="PASS" starttime="20231221 15:11:09.229" endtime="20231221 15:11:16.841"/>
</test>
<doc>Esta suíte testa o site da amazon.com.br</doc>
<status status="PASS" starttime="20231221 15:10:57.574" endtime="20231221 15:11:16.842"/>
</suite>
<statistics>
<total>
<stat pass="2" fail="0" skip="0">All Tests</stat>
</total>
<tag>
<stat pass="1" fail="0" skip="0">busca_produtos</stat>
<stat pass="1" fail="0" skip="0">categorias</stat>
<stat pass="1" fail="0" skip="0">lista_busca</stat>
<stat pass="1" fail="0" skip="0">menus</stat>
</tag>
<suite>
<stat pass="2" fail="0" skip="0" id="s1" name="Amazon Testes Gherkin Bdd">Amazon Testes Gherkin Bdd</stat>
</suite>
</statistics>
<errors>
</errors>
</robot>
